GAS LISTING /tmp/ccJ6Jw1j.s 			page 1


   1              		.file	"_new.cpp"
   2              		.option pic
   3              		.option norelax
   4              		.text
   5              	.Ltext0:
   6              		.align	2
   7              		.globl	_Znwm
   9              	_Znwm:
  10              	.LFB3:
  11              		.file 1 "src/_new.cpp"
   1:src/_new.cpp  **** //
   2:src/_new.cpp  **** // Created by os on 6/13/24.
   3:src/_new.cpp  **** //
   4:src/_new.cpp  **** 
   5:src/_new.cpp  **** 
   6:src/_new.cpp  **** #include "../lib/mem.h"
   7:src/_new.cpp  **** #include "../h/syscall_c.hpp"
   8:src/_new.cpp  **** #include "../h/MemoryAllocator.hpp"
   9:src/_new.cpp  **** 
  10:src/_new.cpp  **** 
  11:src/_new.cpp  **** void *operator new (size_t n) {
  12              		.loc 1 11 31
  13              		.cfi_startproc
  14              	.LVL0:
  15 0000 130101FF 		addi	sp,sp,-16
  16              		.cfi_def_cfa_offset 16
  17 0004 23341100 		sd	ra,8(sp)
  18 0008 23308100 		sd	s0,0(sp)
  19              		.cfi_offset 1, -8
  20              		.cfi_offset 8, -16
  21 000c 13040101 		addi	s0,sp,16
  22              		.cfi_def_cfa 8, 0
  12:src/_new.cpp  ****     return MemoryAllocator::memalloc(n);
  23              		.loc 1 12 5
  24              		.loc 1 12 37 is_stmt 0
  25 0010 97000000 		call	_ZN15MemoryAllocator8memallocEm@plt
  25      E7800000 
  26              	.LVL1:
  13:src/_new.cpp  ****   // return mem_alloc(n);
  14:src/_new.cpp  **** }
  27              		.loc 1 14 1
  28 0018 83308100 		ld	ra,8(sp)
  29              		.cfi_restore 1
  30 001c 03340100 		ld	s0,0(sp)
  31              		.cfi_restore 8
  32              		.cfi_def_cfa 2, 16
  33 0020 13010101 		addi	sp,sp,16
  34              		.cfi_def_cfa_offset 0
  35 0024 67800000 		jr	ra
  36              		.cfi_endproc
  37              	.LFE3:
  39              		.align	2
  40              		.globl	_Znam
  42              	_Znam:
  43              	.LFB4:
  15:src/_new.cpp  **** 
  16:src/_new.cpp  **** void *operator new[] (size_t n) {
GAS LISTING /tmp/ccJ6Jw1j.s 			page 2


  44              		.loc 1 16 33 is_stmt 1
  45              		.cfi_startproc
  46              	.LVL2:
  47 0028 130101FF 		addi	sp,sp,-16
  48              		.cfi_def_cfa_offset 16
  49 002c 23341100 		sd	ra,8(sp)
  50 0030 23308100 		sd	s0,0(sp)
  51              		.cfi_offset 1, -8
  52              		.cfi_offset 8, -16
  53 0034 13040101 		addi	s0,sp,16
  54              		.cfi_def_cfa 8, 0
  17:src/_new.cpp  ****     //return mem_alloc(n);
  18:src/_new.cpp  ****     return MemoryAllocator::memalloc(n);
  55              		.loc 1 18 5
  56              		.loc 1 18 37 is_stmt 0
  57 0038 97000000 		call	_ZN15MemoryAllocator8memallocEm@plt
  57      E7800000 
  58              	.LVL3:
  19:src/_new.cpp  **** }
  59              		.loc 1 19 1
  60 0040 83308100 		ld	ra,8(sp)
  61              		.cfi_restore 1
  62 0044 03340100 		ld	s0,0(sp)
  63              		.cfi_restore 8
  64              		.cfi_def_cfa 2, 16
  65 0048 13010101 		addi	sp,sp,16
  66              		.cfi_def_cfa_offset 0
  67 004c 67800000 		jr	ra
  68              		.cfi_endproc
  69              	.LFE4:
  71              		.align	2
  72              		.globl	_ZdlPv
  74              	_ZdlPv:
  75              	.LFB5:
  20:src/_new.cpp  **** 
  21:src/_new.cpp  **** void operator delete (void *p) noexcept {
  76              		.loc 1 21 41 is_stmt 1
  77              		.cfi_startproc
  78              		.cfi_personality 0x9b,DW.ref.__gxx_personality_v0
  79              		.cfi_lsda 0x1b,.LLSDA5
  80              	.LVL4:
  81 0050 130101FF 		addi	sp,sp,-16
  82              		.cfi_def_cfa_offset 16
  83 0054 23341100 		sd	ra,8(sp)
  84 0058 23308100 		sd	s0,0(sp)
  85              		.cfi_offset 1, -8
  86              		.cfi_offset 8, -16
  87 005c 13040101 		addi	s0,sp,16
  88              		.cfi_def_cfa 8, 0
  22:src/_new.cpp  ****    //mem_free(p);
  23:src/_new.cpp  ****   MemoryAllocator::memfree(p);
  89              		.loc 1 23 3
  90              		.loc 1 23 27 is_stmt 0
  91 0060 97000000 		call	_ZN15MemoryAllocator7memfreeEPv@plt
  91      E7800000 
  92              	.LVL5:
  24:src/_new.cpp  **** }
GAS LISTING /tmp/ccJ6Jw1j.s 			page 3


  93              		.loc 1 24 1
  94 0068 83308100 		ld	ra,8(sp)
  95              		.cfi_restore 1
  96 006c 03340100 		ld	s0,0(sp)
  97              		.cfi_restore 8
  98              		.cfi_def_cfa 2, 16
  99 0070 13010101 		addi	sp,sp,16
 100              		.cfi_def_cfa_offset 0
 101 0074 67800000 		jr	ra
 102              		.cfi_endproc
 103              	.LFE5:
 104              		.globl	__gxx_personality_v0
 105              		.section	.gcc_except_table,"a",@progbits
 106              	.LLSDA5:
 107 0000 FF       		.byte	0xff
 108 0001 FF       		.byte	0xff
 109 0002 03       		.byte	0x3
 110 0003 00       		.byte	0
 111              		.text
 113              		.align	2
 114              		.globl	_ZdaPv
 116              	_ZdaPv:
 117              	.LFB6:
  25:src/_new.cpp  **** 
  26:src/_new.cpp  **** void operator delete[] (void *p) noexcept {
 118              		.loc 1 26 43 is_stmt 1
 119              		.cfi_startproc
 120              		.cfi_personality 0x9b,DW.ref.__gxx_personality_v0
 121              		.cfi_lsda 0x1b,.LLSDA6
 122              	.LVL6:
 123 0078 130101FF 		addi	sp,sp,-16
 124              		.cfi_def_cfa_offset 16
 125 007c 23341100 		sd	ra,8(sp)
 126 0080 23308100 		sd	s0,0(sp)
 127              		.cfi_offset 1, -8
 128              		.cfi_offset 8, -16
 129 0084 13040101 		addi	s0,sp,16
 130              		.cfi_def_cfa 8, 0
  27:src/_new.cpp  ****     //mem_free(p);
  28:src/_new.cpp  ****     MemoryAllocator::memfree(p);
 131              		.loc 1 28 5
 132              		.loc 1 28 29 is_stmt 0
 133 0088 97000000 		call	_ZN15MemoryAllocator7memfreeEPv@plt
 133      E7800000 
 134              	.LVL7:
  29:src/_new.cpp  **** }...
 135              		.loc 1 29 1
 136 0090 83308100 		ld	ra,8(sp)
 137              		.cfi_restore 1
 138 0094 03340100 		ld	s0,0(sp)
 139              		.cfi_restore 8
 140              		.cfi_def_cfa 2, 16
 141 0098 13010101 		addi	sp,sp,16
 142              		.cfi_def_cfa_offset 0
 143 009c 67800000 		jr	ra
 144              		.cfi_endproc
 145              	.LFE6:
GAS LISTING /tmp/ccJ6Jw1j.s 			page 4


 146              		.section	.gcc_except_table
 147              	.LLSDA6:
 148 0004 FF       		.byte	0xff
 149 0005 FF       		.byte	0xff
 150 0006 03       		.byte	0x3
 151 0007 00       		.byte	0
 152              		.text
 154              	.Letext0:
 155              		.file 2 "src/../lib/hw.h"
 156              		.file 3 "src/../h/MemoryAllocator.hpp"
 157              		.file 4 "src/../h/syscall_c.hpp"
 1177              		.align	3
 1180              	DW.ref.__gxx_personality_v0:
 1181 0000 00000000 		.dword	__gxx_personality_v0
 1181      00000000 
 1182              		.ident	"GCC: (Ubuntu 9.4.0-1ubuntu1~20.04) 9.4.0"
 1183              		.section	.note.GNU-stack,"",@progbits
GAS LISTING /tmp/ccJ6Jw1j.s 			page 5


DEFINED SYMBOLS
                            *ABS*:0000000000000000 _new.cpp
     /tmp/ccJ6Jw1j.s:9      .text:0000000000000000 _Znwm
     /tmp/ccJ6Jw1j.s:13     .text:0000000000000000 .L0 
     /tmp/ccJ6Jw1j.s:15     .text:0000000000000000 .L0 
     /tmp/ccJ6Jw1j.s:16     .text:0000000000000004 .L0 
     /tmp/ccJ6Jw1j.s:19     .text:000000000000000c .L0 
     /tmp/ccJ6Jw1j.s:20     .text:000000000000000c .L0 
     /tmp/ccJ6Jw1j.s:22     .text:0000000000000010 .L0 
     /tmp/ccJ6Jw1j.s:24     .text:0000000000000010 .L0 
     /tmp/ccJ6Jw1j.s:25     .text:0000000000000010 .L0 
     /tmp/ccJ6Jw1j.s:28     .text:0000000000000018 .L0 
     /tmp/ccJ6Jw1j.s:29     .text:000000000000001c .L0 
     /tmp/ccJ6Jw1j.s:31     .text:0000000000000020 .L0 
     /tmp/ccJ6Jw1j.s:32     .text:0000000000000020 .L0 
     /tmp/ccJ6Jw1j.s:34     .text:0000000000000024 .L0 
     /tmp/ccJ6Jw1j.s:36     .text:0000000000000028 .L0 
     /tmp/ccJ6Jw1j.s:42     .text:0000000000000028 _Znam
     /tmp/ccJ6Jw1j.s:45     .text:0000000000000028 .L0 
     /tmp/ccJ6Jw1j.s:47     .text:0000000000000028 .L0 
     /tmp/ccJ6Jw1j.s:48     .text:000000000000002c .L0 
     /tmp/ccJ6Jw1j.s:51     .text:0000000000000034 .L0 
     /tmp/ccJ6Jw1j.s:52     .text:0000000000000034 .L0 
     /tmp/ccJ6Jw1j.s:54     .text:0000000000000038 .L0 
     /tmp/ccJ6Jw1j.s:56     .text:0000000000000038 .L0 
     /tmp/ccJ6Jw1j.s:57     .text:0000000000000038 .L0 
     /tmp/ccJ6Jw1j.s:60     .text:0000000000000040 .L0 
     /tmp/ccJ6Jw1j.s:61     .text:0000000000000044 .L0 
     /tmp/ccJ6Jw1j.s:63     .text:0000000000000048 .L0 
     /tmp/ccJ6Jw1j.s:64     .text:0000000000000048 .L0 
     /tmp/ccJ6Jw1j.s:66     .text:000000000000004c .L0 
     /tmp/ccJ6Jw1j.s:68     .text:0000000000000050 .L0 
     /tmp/ccJ6Jw1j.s:74     .text:0000000000000050 _ZdlPv
     /tmp/ccJ6Jw1j.s:77     .text:0000000000000050 .L0 
     /tmp/ccJ6Jw1j.s:1180   .data.rel.local.DW.ref.__gxx_personality_v0:0000000000000000 DW.ref.__gxx_personality_v0
     /tmp/ccJ6Jw1j.s:81     .text:0000000000000050 .L0 
     /tmp/ccJ6Jw1j.s:82     .text:0000000000000054 .L0 
     /tmp/ccJ6Jw1j.s:85     .text:000000000000005c .L0 
     /tmp/ccJ6Jw1j.s:86     .text:000000000000005c .L0 
     /tmp/ccJ6Jw1j.s:88     .text:0000000000000060 .L0 
     /tmp/ccJ6Jw1j.s:90     .text:0000000000000060 .L0 
     /tmp/ccJ6Jw1j.s:91     .text:0000000000000060 .L0 
     /tmp/ccJ6Jw1j.s:94     .text:0000000000000068 .L0 
     /tmp/ccJ6Jw1j.s:95     .text:000000000000006c .L0 
     /tmp/ccJ6Jw1j.s:97     .text:0000000000000070 .L0 
     /tmp/ccJ6Jw1j.s:98     .text:0000000000000070 .L0 
     /tmp/ccJ6Jw1j.s:100    .text:0000000000000074 .L0 
     /tmp/ccJ6Jw1j.s:102    .text:0000000000000078 .L0 
     /tmp/ccJ6Jw1j.s:116    .text:0000000000000078 _ZdaPv
     /tmp/ccJ6Jw1j.s:119    .text:0000000000000078 .L0 
     /tmp/ccJ6Jw1j.s:123    .text:0000000000000078 .L0 
     /tmp/ccJ6Jw1j.s:124    .text:000000000000007c .L0 
     /tmp/ccJ6Jw1j.s:127    .text:0000000000000084 .L0 
     /tmp/ccJ6Jw1j.s:128    .text:0000000000000084 .L0 
     /tmp/ccJ6Jw1j.s:130    .text:0000000000000088 .L0 
     /tmp/ccJ6Jw1j.s:132    .text:0000000000000088 .L0 
     /tmp/ccJ6Jw1j.s:133    .text:0000000000000088 .L0 
GAS LISTING /tmp/ccJ6Jw1j.s 			page 6


     /tmp/ccJ6Jw1j.s:136    .text:0000000000000090 .L0 
     /tmp/ccJ6Jw1j.s:137    .text:0000000000000094 .L0 
     /tmp/ccJ6Jw1j.s:139    .text:0000000000000098 .L0 
     /tmp/ccJ6Jw1j.s:140    .text:0000000000000098 .L0 
     /tmp/ccJ6Jw1j.s:142    .text:000000000000009c .L0 
     /tmp/ccJ6Jw1j.s:144    .text:00000000000000a0 .L0 
     /tmp/ccJ6Jw1j.s:158    .text:00000000000000a0 .L0 
     /tmp/ccJ6Jw1j.s:546    .debug_abbrev:0000000000000000 .Ldebug_abbrev0
     /tmp/ccJ6Jw1j.s:1132   .debug_str:0000000000000168 .LASF36
     /tmp/ccJ6Jw1j.s:1108   .debug_str:0000000000000093 .LASF37
     /tmp/ccJ6Jw1j.s:1168   .debug_str:0000000000000314 .LASF38
     /tmp/ccJ6Jw1j.s:5      .text:0000000000000000 .Ltext0
     /tmp/ccJ6Jw1j.s:154    .text:00000000000000a0 .Letext0
     /tmp/ccJ6Jw1j.s:1084   .debug_line:0000000000000000 .Ldebug_line0
     /tmp/ccJ6Jw1j.s:1138   .debug_str:000000000000024d .LASF0
     /tmp/ccJ6Jw1j.s:1128   .debug_str:0000000000000149 .LASF1
     /tmp/ccJ6Jw1j.s:1118   .debug_str:00000000000000e7 .LASF2
     /tmp/ccJ6Jw1j.s:1102   .debug_str:0000000000000071 .LASF4
     /tmp/ccJ6Jw1j.s:1124   .debug_str:0000000000000117 .LASF3
     /tmp/ccJ6Jw1j.s:1090   .debug_str:0000000000000023 .LASF5
     /tmp/ccJ6Jw1j.s:1086   .debug_str:0000000000000000 .LASF6
     /tmp/ccJ6Jw1j.s:1110   .debug_str:00000000000000a0 .LASF7
     /tmp/ccJ6Jw1j.s:1144   .debug_str:0000000000000276 .LASF8
     /tmp/ccJ6Jw1j.s:1100   .debug_str:0000000000000063 .LASF9
     /tmp/ccJ6Jw1j.s:1172   .debug_str:0000000000000333 .LASF10
     /tmp/ccJ6Jw1j.s:1112   .debug_str:00000000000000b3 .LASF11
     /tmp/ccJ6Jw1j.s:1156   .debug_str:00000000000002d2 .LASF12
     /tmp/ccJ6Jw1j.s:1152   .debug_str:00000000000002af .LASF13
     /tmp/ccJ6Jw1j.s:1130   .debug_str:000000000000015c .LASF14
     /tmp/ccJ6Jw1j.s:1106   .debug_str:000000000000007d .LASF15
     /tmp/ccJ6Jw1j.s:1150   .debug_str:0000000000000299 .LASF16
     /tmp/ccJ6Jw1j.s:1160   .debug_str:00000000000002e9 .LASF39
     /tmp/ccJ6Jw1j.s:1166   .debug_str:000000000000030f .LASF17
     /tmp/ccJ6Jw1j.s:1092   .debug_str:000000000000002a .LASF18
     /tmp/ccJ6Jw1j.s:1088   .debug_str:0000000000000013 .LASF22
     /tmp/ccJ6Jw1j.s:1136   .debug_str:0000000000000234 .LASF27
     /tmp/ccJ6Jw1j.s:1098   .debug_str:0000000000000056 .LASF19
     /tmp/ccJ6Jw1j.s:1140   .debug_str:000000000000025a .LASF20
     /tmp/ccJ6Jw1j.s:1148   .debug_str:000000000000028f .LASF21
     /tmp/ccJ6Jw1j.s:1116   .debug_str:00000000000000cc .LASF24
     /tmp/ccJ6Jw1j.s:1114   .debug_str:00000000000000c2 .LASF23
     /tmp/ccJ6Jw1j.s:1120   .debug_str:00000000000000f5 .LASF25
     /tmp/ccJ6Jw1j.s:1146   .debug_str:0000000000000286 .LASF40
     /tmp/ccJ6Jw1j.s:1096   .debug_str:0000000000000036 .LASF41
     /tmp/ccJ6Jw1j.s:1134   .debug_str:000000000000022c .LASF26
     /tmp/ccJ6Jw1j.s:1126   .debug_str:0000000000000129 .LASF28
     /tmp/ccJ6Jw1j.s:1104   .debug_str:0000000000000078 .LASF29
     /tmp/ccJ6Jw1j.s:1154   .debug_str:00000000000002bf .LASF30
     /tmp/ccJ6Jw1j.s:1094   .debug_str:000000000000002f .LASF31
     /tmp/ccJ6Jw1j.s:117    .text:0000000000000078 .LFB6
     /tmp/ccJ6Jw1j.s:145    .text:00000000000000a0 .LFE6
     /tmp/ccJ6Jw1j.s:1015   .debug_loc:0000000000000000 .LLST3
     /tmp/ccJ6Jw1j.s:134    .text:0000000000000090 .LVL7
     /tmp/ccJ6Jw1j.s:1142   .debug_str:0000000000000266 .LASF32
     /tmp/ccJ6Jw1j.s:1158   .debug_str:00000000000002e2 .LASF33
     /tmp/ccJ6Jw1j.s:75     .text:0000000000000050 .LFB5
     /tmp/ccJ6Jw1j.s:103    .text:0000000000000078 .LFE5
GAS LISTING /tmp/ccJ6Jw1j.s 			page 7


     /tmp/ccJ6Jw1j.s:1029   .debug_loc:0000000000000039 .LLST2
     /tmp/ccJ6Jw1j.s:92     .text:0000000000000068 .LVL5
     /tmp/ccJ6Jw1j.s:1164   .debug_str:00000000000002ff .LASF42
     /tmp/ccJ6Jw1j.s:1122   .debug_str:0000000000000111 .LASF43
     /tmp/ccJ6Jw1j.s:43     .text:0000000000000028 .LFB4
     /tmp/ccJ6Jw1j.s:69     .text:0000000000000050 .LFE4
     /tmp/ccJ6Jw1j.s:1043   .debug_loc:0000000000000072 .LLST1
     /tmp/ccJ6Jw1j.s:58     .text:0000000000000040 .LVL3
     /tmp/ccJ6Jw1j.s:1162   .debug_str:00000000000002f2 .LASF34
     /tmp/ccJ6Jw1j.s:1170   .debug_str:000000000000032d .LASF35
     /tmp/ccJ6Jw1j.s:10     .text:0000000000000000 .LFB3
     /tmp/ccJ6Jw1j.s:37     .text:0000000000000028 .LFE3
     /tmp/ccJ6Jw1j.s:1057   .debug_loc:00000000000000ab .LLST0
     /tmp/ccJ6Jw1j.s:26     .text:0000000000000018 .LVL1
     /tmp/ccJ6Jw1j.s:122    .text:0000000000000078 .LVL6
     /tmp/ccJ6Jw1j.s:80     .text:0000000000000050 .LVL4
     /tmp/ccJ6Jw1j.s:46     .text:0000000000000028 .LVL2
     /tmp/ccJ6Jw1j.s:14     .text:0000000000000000 .LVL0
     /tmp/ccJ6Jw1j.s:159    .debug_info:0000000000000000 .Ldebug_info0
     /tmp/ccJ6Jw1j.s:106    .gcc_except_table:0000000000000000 .LLSDA5
     /tmp/ccJ6Jw1j.s:147    .gcc_except_table:0000000000000004 .LLSDA6

UNDEFINED SYMBOLS
_ZN15MemoryAllocator8memallocEm
_ZN15MemoryAllocator7memfreeEPv
__gxx_personality_v0
